============================================================================================== 
Warning! Mixing Conda and module environments may lead to corruption of the
user environment. 
We do not recommend users mixing those two environments unless absolutely
necessary. Note that 
SURF does not provide any support for Conda environment.
For more information, please refer to our software policy page:
https://servicedesk.surf.nl/wiki/display/WIKI/Software+policy+Snellius#SoftwarepolicySnellius-UseofAnacondaandMinicondaenvironmentsonSnellius 

Remember that many packages have already been installed on the system and can
be loaded using 
the 'module load <package__name>' command. If you are uncertain if a package is
already available 
on the system, please use 'module avail' or 'module spider' to search for it.
============================================================================================== 
wandb: Appending key for api.wandb.ai to your netrc file: /home/overven/.netrc
wandb: Currently logged in as: oliver-van-erven (oliver-van-erven-university-of-amsterdam). Use `wandb login --relogin` to force relogin
/gpfs/home2/overven/GovSim/simulation/main.py:87: UserWarning: register_resolver() is deprecated.
See https://github.com/omry/omegaconf/issues/426 for migration instructions.

  OmegaConf.register_resolver("uuid", lambda: f"run_{uuid.uuid4()}")
/home/overven/.local/lib/python3.11/site-packages/hydra/_internal/defaults_list.py:251: UserWarning: In 'config': Defaults list is missing `_self_`. See https://hydra.cc/docs/1.2/upgrades/1.0_to_1.1/default_composition_order for more information
  warnings.warn(msg, UserWarning)
In 'config': Could not find 'experiment/fish_baseline_concurrent_universalization_alternative'

Available options in 'experiment':
	fish_baseline_concurrent
	fish_baseline_concurrent_universalization
	fish_perturbation_no_language
	fish_perturbation_outsider
	fish_perturbation_outsider_universalization
	pollution_baseline_concurrent
	pollution_baseline_concurrent_universalization
	pollution_perturbation_no_language
	pollution_perturbation_outsider
	pollution_perturbation_outsider_universalization
	sheep_baseline_concurrent
	sheep_baseline_concurrent_universalization
	sheep_perturbation_no_language
	sheep_perturbation_outsider
	sheep_perturbation_outsider_universalization
Config search path:
	provider=hydra, path=pkg://hydra.conf
	provider=main, path=file:///gpfs/home2/overven/GovSim/simulation/conf
	provider=hydra.searchpath in main, path=file://./simulation/scenarios/fishing/conf
	provider=hydra.searchpath in main, path=file://./simulation/scenarios/sheep/conf
	provider=hydra.searchpath in main, path=file://./simulation/scenarios/pollution/conf
	provider=schema, path=structured://

Set the environment variable HYDRA_FULL_ERROR=1 for a complete stack trace.
/gpfs/home2/overven/GovSim/simulation/main.py:87: UserWarning: register_resolver() is deprecated.
See https://github.com/omry/omegaconf/issues/426 for migration instructions.

  OmegaConf.register_resolver("uuid", lambda: f"run_{uuid.uuid4()}")
/home/overven/.local/lib/python3.11/site-packages/hydra/_internal/defaults_list.py:251: UserWarning: In 'config': Defaults list is missing `_self_`. See https://hydra.cc/docs/1.2/upgrades/1.0_to_1.1/default_composition_order for more information
  warnings.warn(msg, UserWarning)
In 'config': Could not find 'experiment/fish_baseline_concurrent_universalization_alternative'

Available options in 'experiment':
	fish_baseline_concurrent
	fish_baseline_concurrent_universalization
	fish_perturbation_no_language
	fish_perturbation_outsider
	fish_perturbation_outsider_universalization
	pollution_baseline_concurrent
	pollution_baseline_concurrent_universalization
	pollution_perturbation_no_language
	pollution_perturbation_outsider
	pollution_perturbation_outsider_universalization
	sheep_baseline_concurrent
	sheep_baseline_concurrent_universalization
	sheep_perturbation_no_language
	sheep_perturbation_outsider
	sheep_perturbation_outsider_universalization
Config search path:
	provider=hydra, path=pkg://hydra.conf
	provider=main, path=file:///gpfs/home2/overven/GovSim/simulation/conf
	provider=hydra.searchpath in main, path=file://./simulation/scenarios/fishing/conf
	provider=hydra.searchpath in main, path=file://./simulation/scenarios/sheep/conf
	provider=hydra.searchpath in main, path=file://./simulation/scenarios/pollution/conf
	provider=schema, path=structured://

Set the environment variable HYDRA_FULL_ERROR=1 for a complete stack trace.
/gpfs/home2/overven/GovSim/simulation/main.py:87: UserWarning: register_resolver() is deprecated.
See https://github.com/omry/omegaconf/issues/426 for migration instructions.

  OmegaConf.register_resolver("uuid", lambda: f"run_{uuid.uuid4()}")
/home/overven/.local/lib/python3.11/site-packages/hydra/_internal/defaults_list.py:251: UserWarning: In 'config': Defaults list is missing `_self_`. See https://hydra.cc/docs/1.2/upgrades/1.0_to_1.1/default_composition_order for more information
  warnings.warn(msg, UserWarning)
In 'config': Could not find 'experiment/fish_baseline_concurrent_universalization_alternative'

Available options in 'experiment':
	fish_baseline_concurrent
	fish_baseline_concurrent_universalization
	fish_perturbation_no_language
	fish_perturbation_outsider
	fish_perturbation_outsider_universalization
	pollution_baseline_concurrent
	pollution_baseline_concurrent_universalization
	pollution_perturbation_no_language
	pollution_perturbation_outsider
	pollution_perturbation_outsider_universalization
	sheep_baseline_concurrent
	sheep_baseline_concurrent_universalization
	sheep_perturbation_no_language
	sheep_perturbation_outsider
	sheep_perturbation_outsider_universalization
Config search path:
	provider=hydra, path=pkg://hydra.conf
	provider=main, path=file:///gpfs/home2/overven/GovSim/simulation/conf
	provider=hydra.searchpath in main, path=file://./simulation/scenarios/fishing/conf
	provider=hydra.searchpath in main, path=file://./simulation/scenarios/sheep/conf
	provider=hydra.searchpath in main, path=file://./simulation/scenarios/pollution/conf
	provider=schema, path=structured://

Set the environment variable HYDRA_FULL_ERROR=1 for a complete stack trace.
/gpfs/home2/overven/GovSim/simulation/main.py:87: UserWarning: register_resolver() is deprecated.
See https://github.com/omry/omegaconf/issues/426 for migration instructions.

  OmegaConf.register_resolver("uuid", lambda: f"run_{uuid.uuid4()}")
/home/overven/.local/lib/python3.11/site-packages/hydra/_internal/defaults_list.py:251: UserWarning: In 'config': Defaults list is missing `_self_`. See https://hydra.cc/docs/1.2/upgrades/1.0_to_1.1/default_composition_order for more information
  warnings.warn(msg, UserWarning)
In 'config': Could not find 'experiment/fish_baseline_concurrent_universalization_alternative'

Available options in 'experiment':
	fish_baseline_concurrent
	fish_baseline_concurrent_universalization
	fish_perturbation_no_language
	fish_perturbation_outsider
	fish_perturbation_outsider_universalization
	pollution_baseline_concurrent
	pollution_baseline_concurrent_universalization
	pollution_perturbation_no_language
	pollution_perturbation_outsider
	pollution_perturbation_outsider_universalization
	sheep_baseline_concurrent
	sheep_baseline_concurrent_universalization
	sheep_perturbation_no_language
	sheep_perturbation_outsider
	sheep_perturbation_outsider_universalization
Config search path:
	provider=hydra, path=pkg://hydra.conf
	provider=main, path=file:///gpfs/home2/overven/GovSim/simulation/conf
	provider=hydra.searchpath in main, path=file://./simulation/scenarios/fishing/conf
	provider=hydra.searchpath in main, path=file://./simulation/scenarios/sheep/conf
	provider=hydra.searchpath in main, path=file://./simulation/scenarios/pollution/conf
	provider=schema, path=structured://

Set the environment variable HYDRA_FULL_ERROR=1 for a complete stack trace.
/gpfs/home2/overven/GovSim/simulation/main.py:87: UserWarning: register_resolver() is deprecated.
See https://github.com/omry/omegaconf/issues/426 for migration instructions.

  OmegaConf.register_resolver("uuid", lambda: f"run_{uuid.uuid4()}")
/home/overven/.local/lib/python3.11/site-packages/hydra/_internal/defaults_list.py:251: UserWarning: In 'config': Defaults list is missing `_self_`. See https://hydra.cc/docs/1.2/upgrades/1.0_to_1.1/default_composition_order for more information
  warnings.warn(msg, UserWarning)
In 'config': Could not find 'experiment/fish_baseline_concurrent_universalization_alternative'

Available options in 'experiment':
	fish_baseline_concurrent
	fish_baseline_concurrent_universalization
	fish_perturbation_no_language
	fish_perturbation_outsider
	fish_perturbation_outsider_universalization
	pollution_baseline_concurrent
	pollution_baseline_concurrent_universalization
	pollution_perturbation_no_language
	pollution_perturbation_outsider
	pollution_perturbation_outsider_universalization
	sheep_baseline_concurrent
	sheep_baseline_concurrent_universalization
	sheep_perturbation_no_language
	sheep_perturbation_outsider
	sheep_perturbation_outsider_universalization
Config search path:
	provider=hydra, path=pkg://hydra.conf
	provider=main, path=file:///gpfs/home2/overven/GovSim/simulation/conf
	provider=hydra.searchpath in main, path=file://./simulation/scenarios/fishing/conf
	provider=hydra.searchpath in main, path=file://./simulation/scenarios/sheep/conf
	provider=hydra.searchpath in main, path=file://./simulation/scenarios/pollution/conf
	provider=schema, path=structured://

Set the environment variable HYDRA_FULL_ERROR=1 for a complete stack trace.
/gpfs/home2/overven/GovSim/simulation/main.py:87: UserWarning: register_resolver() is deprecated.
See https://github.com/omry/omegaconf/issues/426 for migration instructions.

  OmegaConf.register_resolver("uuid", lambda: f"run_{uuid.uuid4()}")
/home/overven/.local/lib/python3.11/site-packages/hydra/_internal/defaults_list.py:251: UserWarning: In 'config': Defaults list is missing `_self_`. See https://hydra.cc/docs/1.2/upgrades/1.0_to_1.1/default_composition_order for more information
  warnings.warn(msg, UserWarning)
In 'config': Could not find 'experiment/sheep_baseline_concurrent_universalization_alternative'

Available options in 'experiment':
	fish_baseline_concurrent
	fish_baseline_concurrent_universalization
	fish_perturbation_no_language
	fish_perturbation_outsider
	fish_perturbation_outsider_universalization
	pollution_baseline_concurrent
	pollution_baseline_concurrent_universalization
	pollution_perturbation_no_language
	pollution_perturbation_outsider
	pollution_perturbation_outsider_universalization
	sheep_baseline_concurrent
	sheep_baseline_concurrent_universalization
	sheep_perturbation_no_language
	sheep_perturbation_outsider
	sheep_perturbation_outsider_universalization
Config search path:
	provider=hydra, path=pkg://hydra.conf
	provider=main, path=file:///gpfs/home2/overven/GovSim/simulation/conf
	provider=hydra.searchpath in main, path=file://./simulation/scenarios/fishing/conf
	provider=hydra.searchpath in main, path=file://./simulation/scenarios/sheep/conf
	provider=hydra.searchpath in main, path=file://./simulation/scenarios/pollution/conf
	provider=schema, path=structured://

Set the environment variable HYDRA_FULL_ERROR=1 for a complete stack trace.
/gpfs/home2/overven/GovSim/simulation/main.py:87: UserWarning: register_resolver() is deprecated.
See https://github.com/omry/omegaconf/issues/426 for migration instructions.

  OmegaConf.register_resolver("uuid", lambda: f"run_{uuid.uuid4()}")
/home/overven/.local/lib/python3.11/site-packages/hydra/_internal/defaults_list.py:251: UserWarning: In 'config': Defaults list is missing `_self_`. See https://hydra.cc/docs/1.2/upgrades/1.0_to_1.1/default_composition_order for more information
  warnings.warn(msg, UserWarning)
In 'config': Could not find 'experiment/sheep_baseline_concurrent_universalization_alternative'

Available options in 'experiment':
	fish_baseline_concurrent
	fish_baseline_concurrent_universalization
	fish_perturbation_no_language
	fish_perturbation_outsider
	fish_perturbation_outsider_universalization
	pollution_baseline_concurrent
	pollution_baseline_concurrent_universalization
	pollution_perturbation_no_language
	pollution_perturbation_outsider
	pollution_perturbation_outsider_universalization
	sheep_baseline_concurrent
	sheep_baseline_concurrent_universalization
	sheep_perturbation_no_language
	sheep_perturbation_outsider
	sheep_perturbation_outsider_universalization
Config search path:
	provider=hydra, path=pkg://hydra.conf
	provider=main, path=file:///gpfs/home2/overven/GovSim/simulation/conf
	provider=hydra.searchpath in main, path=file://./simulation/scenarios/fishing/conf
	provider=hydra.searchpath in main, path=file://./simulation/scenarios/sheep/conf
	provider=hydra.searchpath in main, path=file://./simulation/scenarios/pollution/conf
	provider=schema, path=structured://

Set the environment variable HYDRA_FULL_ERROR=1 for a complete stack trace.
/gpfs/home2/overven/GovSim/simulation/main.py:87: UserWarning: register_resolver() is deprecated.
See https://github.com/omry/omegaconf/issues/426 for migration instructions.

  OmegaConf.register_resolver("uuid", lambda: f"run_{uuid.uuid4()}")
/home/overven/.local/lib/python3.11/site-packages/hydra/_internal/defaults_list.py:251: UserWarning: In 'config': Defaults list is missing `_self_`. See https://hydra.cc/docs/1.2/upgrades/1.0_to_1.1/default_composition_order for more information
  warnings.warn(msg, UserWarning)
In 'config': Could not find 'experiment/sheep_baseline_concurrent_universalization_alternative'

Available options in 'experiment':
	fish_baseline_concurrent
	fish_baseline_concurrent_universalization
	fish_perturbation_no_language
	fish_perturbation_outsider
	fish_perturbation_outsider_universalization
	pollution_baseline_concurrent
	pollution_baseline_concurrent_universalization
	pollution_perturbation_no_language
	pollution_perturbation_outsider
	pollution_perturbation_outsider_universalization
	sheep_baseline_concurrent
	sheep_baseline_concurrent_universalization
	sheep_perturbation_no_language
	sheep_perturbation_outsider
	sheep_perturbation_outsider_universalization
Config search path:
	provider=hydra, path=pkg://hydra.conf
	provider=main, path=file:///gpfs/home2/overven/GovSim/simulation/conf
	provider=hydra.searchpath in main, path=file://./simulation/scenarios/fishing/conf
	provider=hydra.searchpath in main, path=file://./simulation/scenarios/sheep/conf
	provider=hydra.searchpath in main, path=file://./simulation/scenarios/pollution/conf
	provider=schema, path=structured://

Set the environment variable HYDRA_FULL_ERROR=1 for a complete stack trace.
/gpfs/home2/overven/GovSim/simulation/main.py:87: UserWarning: register_resolver() is deprecated.
See https://github.com/omry/omegaconf/issues/426 for migration instructions.

  OmegaConf.register_resolver("uuid", lambda: f"run_{uuid.uuid4()}")
/home/overven/.local/lib/python3.11/site-packages/hydra/_internal/defaults_list.py:251: UserWarning: In 'config': Defaults list is missing `_self_`. See https://hydra.cc/docs/1.2/upgrades/1.0_to_1.1/default_composition_order for more information
  warnings.warn(msg, UserWarning)
In 'config': Could not find 'experiment/sheep_baseline_concurrent_universalization_alternative'

Available options in 'experiment':
	fish_baseline_concurrent
	fish_baseline_concurrent_universalization
	fish_perturbation_no_language
	fish_perturbation_outsider
	fish_perturbation_outsider_universalization
	pollution_baseline_concurrent
	pollution_baseline_concurrent_universalization
	pollution_perturbation_no_language
	pollution_perturbation_outsider
	pollution_perturbation_outsider_universalization
	sheep_baseline_concurrent
	sheep_baseline_concurrent_universalization
	sheep_perturbation_no_language
	sheep_perturbation_outsider
	sheep_perturbation_outsider_universalization
Config search path:
	provider=hydra, path=pkg://hydra.conf
	provider=main, path=file:///gpfs/home2/overven/GovSim/simulation/conf
	provider=hydra.searchpath in main, path=file://./simulation/scenarios/fishing/conf
	provider=hydra.searchpath in main, path=file://./simulation/scenarios/sheep/conf
	provider=hydra.searchpath in main, path=file://./simulation/scenarios/pollution/conf
	provider=schema, path=structured://

Set the environment variable HYDRA_FULL_ERROR=1 for a complete stack trace.
/gpfs/home2/overven/GovSim/simulation/main.py:87: UserWarning: register_resolver() is deprecated.
See https://github.com/omry/omegaconf/issues/426 for migration instructions.

  OmegaConf.register_resolver("uuid", lambda: f"run_{uuid.uuid4()}")
/home/overven/.local/lib/python3.11/site-packages/hydra/_internal/defaults_list.py:251: UserWarning: In 'config': Defaults list is missing `_self_`. See https://hydra.cc/docs/1.2/upgrades/1.0_to_1.1/default_composition_order for more information
  warnings.warn(msg, UserWarning)
In 'config': Could not find 'experiment/sheep_baseline_concurrent_universalization_alternative'

Available options in 'experiment':
	fish_baseline_concurrent
	fish_baseline_concurrent_universalization
	fish_perturbation_no_language
	fish_perturbation_outsider
	fish_perturbation_outsider_universalization
	pollution_baseline_concurrent
	pollution_baseline_concurrent_universalization
	pollution_perturbation_no_language
	pollution_perturbation_outsider
	pollution_perturbation_outsider_universalization
	sheep_baseline_concurrent
	sheep_baseline_concurrent_universalization
	sheep_perturbation_no_language
	sheep_perturbation_outsider
	sheep_perturbation_outsider_universalization
Config search path:
	provider=hydra, path=pkg://hydra.conf
	provider=main, path=file:///gpfs/home2/overven/GovSim/simulation/conf
	provider=hydra.searchpath in main, path=file://./simulation/scenarios/fishing/conf
	provider=hydra.searchpath in main, path=file://./simulation/scenarios/sheep/conf
	provider=hydra.searchpath in main, path=file://./simulation/scenarios/pollution/conf
	provider=schema, path=structured://

Set the environment variable HYDRA_FULL_ERROR=1 for a complete stack trace.
/gpfs/home2/overven/GovSim/simulation/main.py:87: UserWarning: register_resolver() is deprecated.
See https://github.com/omry/omegaconf/issues/426 for migration instructions.

  OmegaConf.register_resolver("uuid", lambda: f"run_{uuid.uuid4()}")
/home/overven/.local/lib/python3.11/site-packages/hydra/_internal/defaults_list.py:251: UserWarning: In 'config': Defaults list is missing `_self_`. See https://hydra.cc/docs/1.2/upgrades/1.0_to_1.1/default_composition_order for more information
  warnings.warn(msg, UserWarning)
In 'config': Could not find 'experiment/pollution_baseline_concurrent_universalization_alternative'

Available options in 'experiment':
	fish_baseline_concurrent
	fish_baseline_concurrent_universalization
	fish_perturbation_no_language
	fish_perturbation_outsider
	fish_perturbation_outsider_universalization
	pollution_baseline_concurrent
	pollution_baseline_concurrent_universalization
	pollution_perturbation_no_language
	pollution_perturbation_outsider
	pollution_perturbation_outsider_universalization
	sheep_baseline_concurrent
	sheep_baseline_concurrent_universalization
	sheep_perturbation_no_language
	sheep_perturbation_outsider
	sheep_perturbation_outsider_universalization
Config search path:
	provider=hydra, path=pkg://hydra.conf
	provider=main, path=file:///gpfs/home2/overven/GovSim/simulation/conf
	provider=hydra.searchpath in main, path=file://./simulation/scenarios/fishing/conf
	provider=hydra.searchpath in main, path=file://./simulation/scenarios/sheep/conf
	provider=hydra.searchpath in main, path=file://./simulation/scenarios/pollution/conf
	provider=schema, path=structured://

Set the environment variable HYDRA_FULL_ERROR=1 for a complete stack trace.
/gpfs/home2/overven/GovSim/simulation/main.py:87: UserWarning: register_resolver() is deprecated.
See https://github.com/omry/omegaconf/issues/426 for migration instructions.

  OmegaConf.register_resolver("uuid", lambda: f"run_{uuid.uuid4()}")
/home/overven/.local/lib/python3.11/site-packages/hydra/_internal/defaults_list.py:251: UserWarning: In 'config': Defaults list is missing `_self_`. See https://hydra.cc/docs/1.2/upgrades/1.0_to_1.1/default_composition_order for more information
  warnings.warn(msg, UserWarning)
In 'config': Could not find 'experiment/pollution_baseline_concurrent_universalization_alternative'

Available options in 'experiment':
	fish_baseline_concurrent
	fish_baseline_concurrent_universalization
	fish_perturbation_no_language
	fish_perturbation_outsider
	fish_perturbation_outsider_universalization
	pollution_baseline_concurrent
	pollution_baseline_concurrent_universalization
	pollution_perturbation_no_language
	pollution_perturbation_outsider
	pollution_perturbation_outsider_universalization
	sheep_baseline_concurrent
	sheep_baseline_concurrent_universalization
	sheep_perturbation_no_language
	sheep_perturbation_outsider
	sheep_perturbation_outsider_universalization
Config search path:
	provider=hydra, path=pkg://hydra.conf
	provider=main, path=file:///gpfs/home2/overven/GovSim/simulation/conf
	provider=hydra.searchpath in main, path=file://./simulation/scenarios/fishing/conf
	provider=hydra.searchpath in main, path=file://./simulation/scenarios/sheep/conf
	provider=hydra.searchpath in main, path=file://./simulation/scenarios/pollution/conf
	provider=schema, path=structured://

Set the environment variable HYDRA_FULL_ERROR=1 for a complete stack trace.
/gpfs/home2/overven/GovSim/simulation/main.py:87: UserWarning: register_resolver() is deprecated.
See https://github.com/omry/omegaconf/issues/426 for migration instructions.

  OmegaConf.register_resolver("uuid", lambda: f"run_{uuid.uuid4()}")
/home/overven/.local/lib/python3.11/site-packages/hydra/_internal/defaults_list.py:251: UserWarning: In 'config': Defaults list is missing `_self_`. See https://hydra.cc/docs/1.2/upgrades/1.0_to_1.1/default_composition_order for more information
  warnings.warn(msg, UserWarning)
In 'config': Could not find 'experiment/pollution_baseline_concurrent_universalization_alternative'

Available options in 'experiment':
	fish_baseline_concurrent
	fish_baseline_concurrent_universalization
	fish_perturbation_no_language
	fish_perturbation_outsider
	fish_perturbation_outsider_universalization
	pollution_baseline_concurrent
	pollution_baseline_concurrent_universalization
	pollution_perturbation_no_language
	pollution_perturbation_outsider
	pollution_perturbation_outsider_universalization
	sheep_baseline_concurrent
	sheep_baseline_concurrent_universalization
	sheep_perturbation_no_language
	sheep_perturbation_outsider
	sheep_perturbation_outsider_universalization
Config search path:
	provider=hydra, path=pkg://hydra.conf
	provider=main, path=file:///gpfs/home2/overven/GovSim/simulation/conf
	provider=hydra.searchpath in main, path=file://./simulation/scenarios/fishing/conf
	provider=hydra.searchpath in main, path=file://./simulation/scenarios/sheep/conf
	provider=hydra.searchpath in main, path=file://./simulation/scenarios/pollution/conf
	provider=schema, path=structured://

Set the environment variable HYDRA_FULL_ERROR=1 for a complete stack trace.
/gpfs/home2/overven/GovSim/simulation/main.py:87: UserWarning: register_resolver() is deprecated.
See https://github.com/omry/omegaconf/issues/426 for migration instructions.

  OmegaConf.register_resolver("uuid", lambda: f"run_{uuid.uuid4()}")
/home/overven/.local/lib/python3.11/site-packages/hydra/_internal/defaults_list.py:251: UserWarning: In 'config': Defaults list is missing `_self_`. See https://hydra.cc/docs/1.2/upgrades/1.0_to_1.1/default_composition_order for more information
  warnings.warn(msg, UserWarning)
In 'config': Could not find 'experiment/pollution_baseline_concurrent_universalization_alternative'

Available options in 'experiment':
	fish_baseline_concurrent
	fish_baseline_concurrent_universalization
	fish_perturbation_no_language
	fish_perturbation_outsider
	fish_perturbation_outsider_universalization
	pollution_baseline_concurrent
	pollution_baseline_concurrent_universalization
	pollution_perturbation_no_language
	pollution_perturbation_outsider
	pollution_perturbation_outsider_universalization
	sheep_baseline_concurrent
	sheep_baseline_concurrent_universalization
	sheep_perturbation_no_language
	sheep_perturbation_outsider
	sheep_perturbation_outsider_universalization
Config search path:
	provider=hydra, path=pkg://hydra.conf
	provider=main, path=file:///gpfs/home2/overven/GovSim/simulation/conf
	provider=hydra.searchpath in main, path=file://./simulation/scenarios/fishing/conf
	provider=hydra.searchpath in main, path=file://./simulation/scenarios/sheep/conf
	provider=hydra.searchpath in main, path=file://./simulation/scenarios/pollution/conf
	provider=schema, path=structured://

Set the environment variable HYDRA_FULL_ERROR=1 for a complete stack trace.
/gpfs/home2/overven/GovSim/simulation/main.py:87: UserWarning: register_resolver() is deprecated.
See https://github.com/omry/omegaconf/issues/426 for migration instructions.

  OmegaConf.register_resolver("uuid", lambda: f"run_{uuid.uuid4()}")
/home/overven/.local/lib/python3.11/site-packages/hydra/_internal/defaults_list.py:251: UserWarning: In 'config': Defaults list is missing `_self_`. See https://hydra.cc/docs/1.2/upgrades/1.0_to_1.1/default_composition_order for more information
  warnings.warn(msg, UserWarning)
In 'config': Could not find 'experiment/pollution_baseline_concurrent_universalization_alternative'

Available options in 'experiment':
	fish_baseline_concurrent
	fish_baseline_concurrent_universalization
	fish_perturbation_no_language
	fish_perturbation_outsider
	fish_perturbation_outsider_universalization
	pollution_baseline_concurrent
	pollution_baseline_concurrent_universalization
	pollution_perturbation_no_language
	pollution_perturbation_outsider
	pollution_perturbation_outsider_universalization
	sheep_baseline_concurrent
	sheep_baseline_concurrent_universalization
	sheep_perturbation_no_language
	sheep_perturbation_outsider
	sheep_perturbation_outsider_universalization
Config search path:
	provider=hydra, path=pkg://hydra.conf
	provider=main, path=file:///gpfs/home2/overven/GovSim/simulation/conf
	provider=hydra.searchpath in main, path=file://./simulation/scenarios/fishing/conf
	provider=hydra.searchpath in main, path=file://./simulation/scenarios/sheep/conf
	provider=hydra.searchpath in main, path=file://./simulation/scenarios/pollution/conf
	provider=schema, path=structured://

Set the environment variable HYDRA_FULL_ERROR=1 for a complete stack trace.

JOB STATISTICS
==============
Job ID: 9629237
Cluster: snellius
User/Group: overven/overven
State: FAILED (exit code 1)
Nodes: 1
Cores per node: 18
CPU Utilized: 00:01:30
CPU Efficiency: 4.59% of 00:32:42 core-walltime
Job Wall-clock time: 00:01:49
Memory Utilized: 296.31 MB
Memory Efficiency: 0.24% of 120.00 GB
